<?xml version="1.0" encoding="UTF-8"?>
<!-- Generated by org.testng.reporters.JUnitReportReporter -->
<testsuite hostname="LAPTOP-8Q9E3QU0" name="Atelierna.ateliernaAI.Connexion" tests="1" failures="0" timestamp="5 Mar 2020 02:54:51 GMT" time="14.330" errors="0">
  <testcase name="connexion" time="14.330" classname="Atelierna.ateliernaAI.Connexion"/>
</testsuite> <!-- Atelierna.ateliernaAI.Connexion -->
