<?xml version="1.0" encoding="UTF-8"?>
<!-- Generated by org.testng.reporters.JUnitReportReporter -->
<testsuite hostname="LAPTOP-8Q9E3QU0" name="Atelierna.ateliernaAI.ModifierUneNouvelleAdresse2" tests="1" failures="0" timestamp="5 Mar 2020 03:53:54 GMT" time="18.158" errors="0">
  <testcase name="CreationAdress" time="18.158" classname="Atelierna.ateliernaAI.ModifierUneNouvelleAdresse2"/>
</testsuite> <!-- Atelierna.ateliernaAI.ModifierUneNouvelleAdresse2 -->
