<?xml version="1.0" encoding="UTF-8"?>
<!-- Generated by org.testng.reporters.JUnitReportReporter -->
<testsuite hostname="LAPTOP-8Q9E3QU0" name="Atelierna.ateliernaAI.PageAccueil" tests="1" failures="0" timestamp="5 Mar 2020 01:54:34 GMT" time="11.589" errors="0">
  <testcase name="HomePage" time="11.589" classname="Atelierna.ateliernaAI.PageAccueil"/>
</testsuite> <!-- Atelierna.ateliernaAI.PageAccueil -->
