<?xml version="1.0" encoding="UTF-8"?>
<!-- Generated by org.testng.reporters.JUnitReportReporter -->
<testsuite hostname="LAPTOP-8Q9E3QU0" name="Atelierna.ateliernaAI.ModificationProfil" tests="1" failures="0" timestamp="5 Mar 2020 04:25:19 GMT" time="16.836" errors="0">
  <testcase name="CreationCompte" time="16.836" classname="Atelierna.ateliernaAI.ModificationProfil"/>
</testsuite> <!-- Atelierna.ateliernaAI.ModificationProfil -->
