<?xml version="1.0" encoding="UTF-8"?>
<!-- Generated by org.testng.reporters.JUnitReportReporter -->
<testsuite hostname="LAPTOP-8Q9E3QU0" name="Atelierna.ateliernaAI.monCompte" tests="1" failures="0" timestamp="4 Mar 2020 21:46:17 GMT" time="13.473" errors="0">
  <testcase name="CreationCompte" time="13.473" classname="Atelierna.ateliernaAI.monCompte"/>
</testsuite> <!-- Atelierna.ateliernaAI.monCompte -->
