<?xml version="1.0" encoding="UTF-8"?>
<!-- Generated by org.testng.reporters.JUnitReportReporter -->
<testsuite hostname="LAPTOP-8Q9E3QU0" name="Atelierna.ateliernaAI.CreationDeCompte" tests="1" failures="0" timestamp="5 Mar 2020 02:59:53 GMT" time="18.117" errors="0">
  <testcase name="CreationCompte" time="18.117" classname="Atelierna.ateliernaAI.CreationDeCompte"/>
</testsuite> <!-- Atelierna.ateliernaAI.CreationDeCompte -->
